#
# A fatal error has been detected by the Java Runtime Environment:
#
#  EXCEPTION_ACCESS_VIOLATION (0xc0000005) at pc=0x000000005b4cbfa0, pid=15884, tid=14692
#
# JRE version: Java(TM) SE Runtime Environment (12.0.2+10) (build 12.0.2+10)
# Java VM: Java HotSpot(TM) 64-Bit Server VM (12.0.2+10, mixed mode, sharing, tiered, compressed oops, g1 gc, windows-amd64)
# Problematic frame:
# C  [nvoglv64.dll+0xecbfa0]
#
# No core dump will be written. Minidumps are not enabled by default on client versions of Windows
#
# If you would like to submit a bug report, please visit:
#   http://bugreport.java.com/bugreport/crash.jsp
# The crash happened outside the Java Virtual Machine in native code.
# See problematic frame for where to report the bug.
#

---------------  S U M M A R Y ------------

Command Line: -agentlib:jdwp=transport=dt_socket,address=127.0.0.1:57177,suspend=y,server=n -javaagent:C:\Users\varas\.IdeaIC2019.2\system\captureAgent\debugger-agent.jar -Dfile.encoding=UTF-8 game.Main

Host: Intel(R) Core(TM) i7-9750H CPU @ 2.60GHz, 12 cores, 15G,  Windows 10 , 64 bit Build 17763 (10.0.17763.1158)
Time: Mon Apr 20 00:24:57 2020 Co-ordinated Universal Time elapsed time: 5 seconds (0d 0h 0m 5s)

---------------  T H R E A D  ---------------

Current thread (0x00000291558a8800):  JavaThread "main" [_thread_in_native, id=14692, stack(0x000000c385600000,0x000000c385700000)]

Stack: [0x000000c385600000,0x000000c385700000],  sp=0x000000c3856feae8,  free space=1018k
Native frames: (J=compiled Java code, j=interpreted, Vv=VM code, C=native code)
C  [nvoglv64.dll+0xecbfa0]

Java frames: (J=compiled Java code, j=interpreted, Vv=VM code)
j  org.lwjgl.opengl.GL11C.nglDrawElements(IIIJ)V+0
J 1146 c1 engine.OpenGL.VAO.drawTriangles()V (14 bytes) @ 0x000002915e46c124 [0x000002915e46bfe0+0x0000000000000144]
j  game.views.MainView.renderTutorialFrame()V+165
j  game.views.MainView.loop()Z+77
j  engine.EnigView.runLoop()V+56
j  game.views.MenuView.updateSelection()V+88
j  game.views.MenuView.loop()Z+21
j  engine.EnigView.runLoop()V+56
j  game.Main.runGame()V+59
j  game.Main.main([Ljava/lang/String;)V+96
v  ~StubRoutines::call_stub

siginfo: EXCEPTION_ACCESS_VIOLATION (0xc0000005), reading address 0x0000000000000000


Register to memory mapping:

RIP=0x000000005b4cbfa0 nvoglv64.dll
RAX=0x0000000000022006 is an unknown value
RBX=0x0000029106356370 points into unknown readable memory: 06 20 02 00 04 00 00 00
RCX=0x000002910635638c points into unknown readable memory: 00 00 00 00
RDX=0x0 is NULL
RSP=0x000000c3856feae8 is pointing into the stack for thread: 0x00000291558a8800
RBP=0x0000000000000044 is an unknown value
RSI=0x0000000000000006 is an unknown value
RDI=0x000002917b9d6080 points into unknown readable memory: 00 00 00 00 00 00 00 00
R8 =0x0000000000000018 is an unknown value
R9 =0x0000000000000018 is an unknown value
R10=0x0 is NULL
R11=0x000002910635638c points into unknown readable memory: 00 00 00 00
R12=0x0000000000000004 is an unknown value
R13=0x0000000000001405 is an unknown value
R14=0x0 is NULL
R15=0x00000291558a8800 is a thread


Registers:
RAX=0x0000000000022006, RBX=0x0000029106356370, RCX=0x000002910635638c, RDX=0x0000000000000000
RSP=0x000000c3856feae8, RBP=0x0000000000000044, RSI=0x0000000000000006, RDI=0x000002917b9d6080
R8 =0x0000000000000018, R9 =0x0000000000000018, R10=0x0000000000000000, R11=0x000002910635638c
R12=0x0000000000000004, R13=0x0000000000001405, R14=0x0000000000000000, R15=0x00000291558a8800
RIP=0x000000005b4cbfa0, EFLAGS=0x0000000000010283

Top of Stack: (sp=0x000000c3856feae8)
0x000000c3856feae8:   000000005ac4fa3c 000002910dacbfe8
0x000000c3856feaf8:   00000291558a8800 0000001400000001
0x000000c3856feb08:   0000000000000000 0000000000000000
0x000000c3856feb18:   0000000000000000 000002910dacb5ad
0x000000c3856feb28:   00000291000000b6 000002910dacb620
0x000000c3856feb38:   0000000000000000 000000c3856fede0
0x000000c3856feb48:   000000c3856fed90 000000c3856fec58
0x000000c3856feb58:   0000029179e95618 0000000000000000
0x000000c3856feb68:   0000000000000000 0000000000000006
0x000000c3856feb78:   000002915dcc5d16 000000c3856fec18
0x000000c3856feb88:   00007ffa00000018 00000291558a8800
0x000000c3856feb98:   0000029179e95618 0000000000001405
0x000000c3856feba8:   0000000000000000 0000029106356368
0x000000c3856febb8:   0000000000000000 40a5e00000000000
0x000000c3856febc8:   000002915dcc674b 000000c3856febd0
0x000000c3856febd8:   0000000000000000 000000c3856fec58 

Instructions: (pc=0x000000005b4cbfa0)
0x000000005b4cbea0:   b4 2b 48 8b c5 48 f7 d8 41 80 fc 2d 48 0f 45 c5
0x000000005b4cbeb0:   48 85 f6 74 03 48 89 1e 48 8b 5c 24 78 48 83 c4
0x000000005b4cbec0:   30 41 5f 41 5e 41 5d 41 5c 5f 5e 5d c3 cc cc cc
0x000000005b4cbed0:   40 53 48 83 ec 20 48 8b 0d 7b 2a 66 01 48 8b 1d
0x000000005b4cbee0:   f4 46 60 01 8b c3 48 33 d9 83 e0 3f 8a c8 48 d3
0x000000005b4cbef0:   cb 48 85 db 74 0a 48 8b cb e8 32 73 ff ff ff d3
0x000000005b4cbf00:   e8 0f 95 01 00 cc cc cc 4d 85 c0 74 0d 38 11 74
0x000000005b4cbf10:   09 48 ff c1 49 83 e8 01 75 f3 49 f7 d8 48 1b c0
0x000000005b4cbf20:   48 23 c1 c3 cc cc cc cc cc cc cc cc cc cc cc cc
0x000000005b4cbf30:   cc cc cc cc cc cc 66 66 0f 1f 84 00 00 00 00 00
0x000000005b4cbf40:   4c 8b d9 4c 8b d2 49 83 f8 10 0f 86 70 00 00 00
0x000000005b4cbf50:   49 83 f8 20 76 4a 48 2b d1 73 0f 49 8b c2 49 03
0x000000005b4cbf60:   c0 48 3b c8 0f 8c 36 03 00 00 49 81 f8 80 00 00
0x000000005b4cbf70:   00 0f 86 69 02 00 00 0f ba 25 25 23 66 01 01 0f
0x000000005b4cbf80:   83 ab 01 00 00 49 8b c3 4c 8b df 48 8b f9 49 8b
0x000000005b4cbf90:   c8 4c 8b c6 49 8b f2 f3 a4 49 8b f0 49 8b fb c3
0x000000005b4cbfa0:   0f 10 02 41 0f 10 4c 10 f0 0f 11 01 41 0f 11 4c
0x000000005b4cbfb0:   08 f0 48 8b c1 c3 66 66 0f 1f 84 00 00 00 00 00
0x000000005b4cbfc0:   48 8b c1 4c 8d 0d 36 40 13 ff 43 8b 8c 81 d7 bf
0x000000005b4cbfd0:   ec 00 49 03 c9 ff e1 20 c0 ec 00 3f c0 ec 00 21
0x000000005b4cbfe0:   c0 ec 00 2f c0 ec 00 6b c0 ec 00 70 c0 ec 00 80
0x000000005b4cbff0:   c0 ec 00 90 c0 ec 00 28 c0 ec 00 c0 c0 ec 00 d0
0x000000005b4cc000:   c0 ec 00 50 c0 ec 00 e0 c0 ec 00 a8 c0 ec 00 f0
0x000000005b4cc010:   c0 ec 00 10 c1 ec 00 45 c0 ec 00 0f 1f 44 00 00
0x000000005b4cc020:   c3 0f b7 0a 66 89 08 c3 48 8b 0a 48 89 08 c3 0f
0x000000005b4cc030:   b7 0a 44 0f b6 42 02 66 89 08 44 88 40 02 c3 0f
0x000000005b4cc040:   b6 0a 88 08 c3 f3 0f 6f 02 f3 0f 7f 00 c3 66 90
0x000000005b4cc050:   4c 8b 02 0f b7 4a 08 44 0f b6 4a 0a 4c 89 00 66
0x000000005b4cc060:   89 48 08 44 88 48 0a 49 8b cb c3 8b 0a 89 08 c3
0x000000005b4cc070:   8b 0a 44 0f b6 42 04 89 08 44 88 40 04 c3 66 90
0x000000005b4cc080:   8b 0a 44 0f b7 42 04 89 08 66 44 89 40 04 c3 90
0x000000005b4cc090:   8b 0a 44 0f b7 42 04 44 0f b6 4a 06 89 08 66 44 


Stack slot to memory mapping:
stack at sp + 0 slots: 0x000000005ac4fa3c nvoglv64.dll
stack at sp + 1 slots: {method} {0x000002910dacbff0} 'renderTutorialFrame' '()V' in 'game/views/MainView'
stack at sp + 2 slots: 0x00000291558a8800 is a thread
stack at sp + 3 slots: 0x0000001400000001 is an unknown value
stack at sp + 4 slots: 0x0 is NULL
stack at sp + 5 slots: 0x0 is NULL
stack at sp + 6 slots: 0x0 is NULL
stack at sp + 7 slots: 0x000002910dacb5ad is pointing into metadata


---------------  P R O C E S S  ---------------

Threads class SMR info:
_java_thread_list=0x0000029106814c90, length=14, elements={
0x00000291558a8800, 0x00000291796d9800, 0x00000291796dc800, 0x00000291796ee800,
0x0000029179f77800, 0x0000029179f79800, 0x0000029179f80000, 0x0000029179f84000,
0x0000029179f70800, 0x000002917a146000, 0x000002917a1c6000, 0x000002917a1cf000,
0x000002917a201000, 0x0000029106830800
}

Java Threads: ( => current thread )
=>0x00000291558a8800 JavaThread "main" [_thread_in_native, id=14692, stack(0x000000c385600000,0x000000c385700000)]
  0x00000291796d9800 JavaThread "Reference Handler" daemon [_thread_blocked, id=8804, stack(0x000000c385d00000,0x000000c385e00000)]
  0x00000291796dc800 JavaThread "Finalizer" daemon [_thread_blocked, id=7352, stack(0x000000c385e00000,0x000000c385f00000)]
  0x00000291796ee800 JavaThread "Signal Dispatcher" daemon [_thread_blocked, id=13504, stack(0x000000c385f00000,0x000000c386000000)]
  0x0000029179f77800 JavaThread "Attach Listener" daemon [_thread_blocked, id=17028, stack(0x000000c386000000,0x000000c386100000)]
  0x0000029179f79800 JavaThread "C2 CompilerThread0" daemon [_thread_blocked, id=5060, stack(0x000000c386100000,0x000000c386200000)]
  0x0000029179f80000 JavaThread "C1 CompilerThread0" daemon [_thread_blocked, id=16532, stack(0x000000c386200000,0x000000c386300000)]
  0x0000029179f84000 JavaThread "Sweeper thread" daemon [_thread_blocked, id=13860, stack(0x000000c386300000,0x000000c386400000)]
  0x0000029179f70800 JavaThread "Common-Cleaner" daemon [_thread_blocked, id=17912, stack(0x000000c386400000,0x000000c386500000)]
  0x000002917a146000 JavaThread "JDWP Transport Listener: dt_socket" daemon [_thread_blocked, id=1784, stack(0x000000c386600000,0x000000c386700000)]
  0x000002917a1c6000 JavaThread "JDWP Event Helper Thread" daemon [_thread_blocked, id=17264, stack(0x000000c386700000,0x000000c386800000)]
  0x000002917a1cf000 JavaThread "JDWP Command Reader" daemon [_thread_in_native, id=16400, stack(0x000000c386800000,0x000000c386900000)]
  0x000002917a201000 JavaThread "Service Thread" daemon [_thread_blocked, id=15736, stack(0x000000c386900000,0x000000c386a00000)]
  0x0000029106830800 JavaThread "Java2D Disposer" daemon [_thread_blocked, id=18720, stack(0x000000c387300000,0x000000c387400000)]

Other Threads:
  0x00000291796d4800 VMThread "VM Thread" [stack: 0x000000c385c00000,0x000000c385d00000] [id=1384]
  0x000002917a202000 WatcherThread [stack: 0x000000c386a00000,0x000000c386b00000] [id=16024]
  0x000002915590f000 GCTaskThread "GC Thread#0" [stack: 0x000000c385700000,0x000000c385800000] [id=17576]
  0x00000291068b1800 GCTaskThread "GC Thread#1" [stack: 0x000000c387600000,0x000000c387700000] [id=18652]
  0x0000029106b6e800 GCTaskThread "GC Thread#2" [stack: 0x000000c387700000,0x000000c387800000] [id=16052]
  0x0000029106b6f000 GCTaskThread "GC Thread#3" [stack: 0x000000c387800000,0x000000c387900000] [id=17972]
  0x0000029106b70000 GCTaskThread "GC Thread#4" [stack: 0x000000c387900000,0x000000c387a00000] [id=13568]
  0x0000029106b69800 GCTaskThread "GC Thread#5" [stack: 0x000000c387a00000,0x000000c387b00000] [id=18688]
  0x0000029155929800 ConcurrentGCThread "G1 Main Marker" [stack: 0x000000c385800000,0x000000c385900000] [id=16004]
  0x000002915592b000 ConcurrentGCThread "G1 Conc#0" [stack: 0x000000c385900000,0x000000c385a00000] [id=10376]
  0x00000291795c9800 ConcurrentGCThread "G1 Refine#0" [stack: 0x000000c385a00000,0x000000c385b00000] [id=16380]
  0x00000291795ca800 ConcurrentGCThread "G1 Young RemSet Sampling" [stack: 0x000000c385b00000,0x000000c385c00000] [id=14512]

Threads with active compile tasks:

VM state:not at safepoint (normal execution)

VM Mutex/Monitor currently owned by a thread: None

Heap address: 0x0000000701800000, size: 4072 MB, Compressed Oops mode: Zero based, Oop shift amount: 3
Narrow klass base: 0x0000000800000000, Narrow klass shift: 3
Compressed class space size: 1073741824 Address: 0x0000000801190000

Heap:
 garbage-first heap   total 262144K, used 3887K [0x0000000701800000, 0x0000000800000000)
  region size 1024K, 5 young (5120K), 3 survivors (3072K)
 Metaspace       used 9473K, capacity 10525K, committed 10880K, reserved 1058816K
  class space    used 621K, capacity 776K, committed 896K, reserved 1048576K
Heap Regions: E=young(eden), S=young(survivor), O=old, HS=humongous(starts), HC=humongous(continues), CS=collection set, F=free, A=archive, TAMS=top-at-mark-start (previous, next)
|   0|0x0000000701800000, 0x0000000701800000, 0x0000000701900000|  0%| F|  |TAMS 0x0000000701800000, 0x0000000701800000| Untracked 
|   1|0x0000000701900000, 0x0000000701900000, 0x0000000701a00000|  0%| F|  |TAMS 0x0000000701900000, 0x0000000701900000| Untracked 
|   2|0x0000000701a00000, 0x0000000701a00000, 0x0000000701b00000|  0%| F|  |TAMS 0x0000000701a00000, 0x0000000701a00000| Untracked 
|   3|0x0000000701b00000, 0x0000000701b00000, 0x0000000701c00000|  0%| F|  |TAMS 0x0000000701b00000, 0x0000000701b00000| Untracked 
|   4|0x0000000701c00000, 0x0000000701c00000, 0x0000000701d00000|  0%| F|  |TAMS 0x0000000701c00000, 0x0000000701c00000| Untracked 
|   5|0x0000000701d00000, 0x0000000701d00000, 0x0000000701e00000|  0%| F|  |TAMS 0x0000000701d00000, 0x0000000701d00000| Untracked 
|   6|0x0000000701e00000, 0x0000000701e00000, 0x0000000701f00000|  0%| F|  |TAMS 0x0000000701e00000, 0x0000000701e00000| Untracked 
|   7|0x0000000701f00000, 0x0000000701f00000, 0x0000000702000000|  0%| F|  |TAMS 0x0000000701f00000, 0x0000000701f00000| Untracked 
|   8|0x0000000702000000, 0x0000000702000000, 0x0000000702100000|  0%| F|  |TAMS 0x0000000702000000, 0x0000000702000000| Untracked 
|   9|0x0000000702100000, 0x0000000702100000, 0x0000000702200000|  0%| F|  |TAMS 0x0000000702100000, 0x0000000702100000| Untracked 
|  10|0x0000000702200000, 0x0000000702200000, 0x0000000702300000|  0%| F|  |TAMS 0x0000000702200000, 0x0000000702200000| Untracked 
|  11|0x0000000702300000, 0x0000000702300000, 0x0000000702400000|  0%| F|  |TAMS 0x0000000702300000, 0x0000000702300000| Untracked 
|  12|0x0000000702400000, 0x0000000702400000, 0x0000000702500000|  0%| F|  |TAMS 0x0000000702400000, 0x0000000702400000| Untracked 
|  13|0x0000000702500000, 0x0000000702500000, 0x0000000702600000|  0%| F|  |TAMS 0x0000000702500000, 0x0000000702500000| Untracked 
|  14|0x0000000702600000, 0x0000000702600000, 0x0000000702700000|  0%| F|  |TAMS 0x0000000702600000, 0x0000000702600000| Untracked 
|  15|0x0000000702700000, 0x0000000702700000, 0x0000000702800000|  0%| F|  |TAMS 0x0000000702700000, 0x0000000702700000| Untracked 
|  16|0x0000000702800000, 0x0000000702800000, 0x0000000702900000|  0%| F|  |TAMS 0x0000000702800000, 0x0000000702800000| Untracked 
|  17|0x0000000702900000, 0x0000000702900000, 0x0000000702a00000|  0%| F|  |TAMS 0x0000000702900000, 0x0000000702900000| Untracked 
|  18|0x0000000702a00000, 0x0000000702a00000, 0x0000000702b00000|  0%| F|  |TAMS 0x0000000702a00000, 0x0000000702a00000| Untracked 
|  19|0x0000000702b00000, 0x0000000702b00000, 0x0000000702c00000|  0%| F|  |TAMS 0x0000000702b00000, 0x0000000702b00000| Untracked 
|  20|0x0000000702c00000, 0x0000000702c00000, 0x0000000702d00000|  0%| F|  |TAMS 0x0000000702c00000, 0x0000000702c00000| Untracked 
|  21|0x0000000702d00000, 0x0000000702d00000, 0x0000000702e00000|  0%| F|  |TAMS 0x0000000702d00000, 0x0000000702d00000| Untracked 
|  22|0x0000000702e00000, 0x0000000702e00000, 0x0000000702f00000|  0%| F|  |TAMS 0x0000000702e00000, 0x0000000702e00000| Untracked 
|  23|0x0000000702f00000, 0x0000000702f00000, 0x0000000703000000|  0%| F|  |TAMS 0x0000000702f00000, 0x0000000702f00000| Untracked 
|  24|0x0000000703000000, 0x0000000703000000, 0x0000000703100000|  0%| F|  |TAMS 0x0000000703000000, 0x0000000703000000| Untracked 
|  25|0x0000000703100000, 0x0000000703100000, 0x0000000703200000|  0%| F|  |TAMS 0x0000000703100000, 0x0000000703100000| Untracked 
|  26|0x0000000703200000, 0x0000000703200000, 0x0000000703300000|  0%| F|  |TAMS 0x0000000703200000, 0x0000000703200000| Untracked 
|  27|0x0000000703300000, 0x0000000703300000, 0x0000000703400000|  0%| F|  |TAMS 0x0000000703300000, 0x0000000703300000| Untracked 
|  28|0x0000000703400000, 0x0000000703400000, 0x0000000703500000|  0%| F|  |TAMS 0x0000000703400000, 0x0000000703400000| Untracked 
|  29|0x0000000703500000, 0x0000000703500000, 0x0000000703600000|  0%| F|  |TAMS 0x0000000703500000, 0x0000000703500000| Untracked 
|  30|0x0000000703600000, 0x0000000703600000, 0x0000000703700000|  0%| F|  |TAMS 0x0000000703600000, 0x0000000703600000| Untracked 
|  31|0x0000000703700000, 0x0000000703700000, 0x0000000703800000|  0%| F|  |TAMS 0x0000000703700000, 0x0000000703700000| Untracked 
|  32|0x0000000703800000, 0x0000000703800000, 0x0000000703900000|  0%| F|  |TAMS 0x0000000703800000, 0x0000000703800000| Untracked 
|  33|0x0000000703900000, 0x0000000703900000, 0x0000000703a00000|  0%| F|  |TAMS 0x0000000703900000, 0x0000000703900000| Untracked 
|  34|0x0000000703a00000, 0x0000000703a00000, 0x0000000703b00000|  0%| F|  |TAMS 0x0000000703a00000, 0x0000000703a00000| Untracked 
|  35|0x0000000703b00000, 0x0000000703b00000, 0x0000000703c00000|  0%| F|  |TAMS 0x0000000703b00000, 0x0000000703b00000| Untracked 
|  36|0x0000000703c00000, 0x0000000703c00000, 0x0000000703d00000|  0%| F|  |TAMS 0x0000000703c00000, 0x0000000703c00000| Untracked 
|  37|0x0000000703d00000, 0x0000000703d00000, 0x0000000703e00000|  0%| F|  |TAMS 0x0000000703d00000, 0x0000000703d00000| Untracked 
|  38|0x0000000703e00000, 0x0000000703e00000, 0x0000000703f00000|  0%| F|  |TAMS 0x0000000703e00000, 0x0000000703e00000| Untracked 
|  39|0x0000000703f00000, 0x0000000703f00000, 0x0000000704000000|  0%| F|  |TAMS 0x0000000703f00000, 0x0000000703f00000| Untracked 
|  40|0x0000000704000000, 0x0000000704000000, 0x0000000704100000|  0%| F|  |TAMS 0x0000000704000000, 0x0000000704000000| Untracked 
|  41|0x0000000704100000, 0x0000000704100000, 0x0000000704200000|  0%| F|  |TAMS 0x0000000704100000, 0x0000000704100000| Untracked 
|  42|0x0000000704200000, 0x0000000704200000, 0x0000000704300000|  0%| F|  |TAMS 0x0000000704200000, 0x0000000704200000| Untracked 
|  43|0x0000000704300000, 0x0000000704300000, 0x0000000704400000|  0%| F|  |TAMS 0x0000000704300000, 0x0000000704300000| Untracked 
|  44|0x0000000704400000, 0x0000000704400000, 0x0000000704500000|  0%| F|  |TAMS 0x0000000704400000, 0x0000000704400000| Untracked 
|  45|0x0000000704500000, 0x0000000704500000, 0x0000000704600000|  0%| F|  |TAMS 0x0000000704500000, 0x0000000704500000| Untracked 
|  46|0x0000000704600000, 0x0000000704600000, 0x0000000704700000|  0%| F|  |TAMS 0x0000000704600000, 0x0000000704600000| Untracked 
|  47|0x0000000704700000, 0x0000000704700000, 0x0000000704800000|  0%| F|  |TAMS 0x0000000704700000, 0x0000000704700000| Untracked 
|  48|0x0000000704800000, 0x0000000704800000, 0x0000000704900000|  0%| F|  |TAMS 0x0000000704800000, 0x0000000704800000| Untracked 
|  49|0x0000000704900000, 0x0000000704900000, 0x0000000704a00000|  0%| F|  |TAMS 0x0000000704900000, 0x0000000704900000| Untracked 
|  50|0x0000000704a00000, 0x0000000704a00000, 0x0000000704b00000|  0%| F|  |TAMS 0x0000000704a00000, 0x0000000704a00000| Untracked 
|  51|0x0000000704b00000, 0x0000000704b00000, 0x0000000704c00000|  0%| F|  |TAMS 0x0000000704b00000, 0x0000000704b00000| Untracked 
|  52|0x0000000704c00000, 0x0000000704c00000, 0x0000000704d00000|  0%| F|  |TAMS 0x0000000704c00000, 0x0000000704c00000| Untracked 
|  53|0x0000000704d00000, 0x0000000704d00000, 0x0000000704e00000|  0%| F|  |TAMS 0x0000000704d00000, 0x0000000704d00000| Untracked 
|  54|0x0000000704e00000, 0x0000000704e00000, 0x0000000704f00000|  0%| F|  |TAMS 0x0000000704e00000, 0x0000000704e00000| Untracked 
|  55|0x0000000704f00000, 0x0000000704f00000, 0x0000000705000000|  0%| F|  |TAMS 0x0000000704f00000, 0x0000000704f00000| Untracked 
|  56|0x0000000705000000, 0x0000000705000000, 0x0000000705100000|  0%| F|  |TAMS 0x0000000705000000, 0x0000000705000000| Untracked 
|  57|0x0000000705100000, 0x0000000705100000, 0x0000000705200000|  0%| F|  |TAMS 0x0000000705100000, 0x0000000705100000| Untracked 
|  58|0x0000000705200000, 0x0000000705200000, 0x0000000705300000|  0%| F|  |TAMS 0x0000000705200000, 0x0000000705200000| Untracked 
|  59|0x0000000705300000, 0x0000000705300000, 0x0000000705400000|  0%| F|  |TAMS 0x0000000705300000, 0x0000000705300000| Untracked 
|  60|0x0000000705400000, 0x0000000705400000, 0x0000000705500000|  0%| F|  |TAMS 0x0000000705400000, 0x0000000705400000| Untracked 
|  61|0x0000000705500000, 0x0000000705500000, 0x0000000705600000|  0%| F|  |TAMS 0x0000000705500000, 0x0000000705500000| Untracked 
|  62|0x0000000705600000, 0x0000000705600000, 0x0000000705700000|  0%| F|  |TAMS 0x0000000705600000, 0x0000000705600000| Untracked 
|  63|0x0000000705700000, 0x0000000705700000, 0x0000000705800000|  0%| F|  |TAMS 0x0000000705700000, 0x0000000705700000| Untracked 
|  64|0x0000000705800000, 0x0000000705800000, 0x0000000705900000|  0%| F|  |TAMS 0x0000000705800000, 0x0000000705800000| Untracked 
|  65|0x0000000705900000, 0x0000000705900000, 0x0000000705a00000|  0%| F|  |TAMS 0x0000000705900000, 0x0000000705900000| Untracked 
|  66|0x0000000705a00000, 0x0000000705a00000, 0x0000000705b00000|  0%| F|  |TAMS 0x0000000705a00000, 0x0000000705a00000| Untracked 
|  67|0x0000000705b00000, 0x0000000705b00000, 0x0000000705c00000|  0%| F|  |TAMS 0x0000000705b00000, 0x0000000705b00000| Untracked 
|  68|0x0000000705c00000, 0x0000000705c00000, 0x0000000705d00000|  0%| F|  |TAMS 0x0000000705c00000, 0x0000000705c00000| Untracked 
|  69|0x0000000705d00000, 0x0000000705d00000, 0x0000000705e00000|  0%| F|  |TAMS 0x0000000705d00000, 0x0000000705d00000| Untracked 
|  70|0x0000000705e00000, 0x0000000705e00000, 0x0000000705f00000|  0%| F|  |TAMS 0x0000000705e00000, 0x0000000705e00000| Untracked 
|  71|0x0000000705f00000, 0x0000000705f00000, 0x0000000706000000|  0%| F|  |TAMS 0x0000000705f00000, 0x0000000705f00000| Untracked 
|  72|0x0000000706000000, 0x0000000706000000, 0x0000000706100000|  0%| F|  |TAMS 0x0000000706000000, 0x0000000706000000| Untracked 
|  73|0x0000000706100000, 0x0000000706100000, 0x0000000706200000|  0%| F|  |TAMS 0x0000000706100000, 0x0000000706100000| Untracked 
|  74|0x0000000706200000, 0x0000000706200000, 0x0000000706300000|  0%| F|  |TAMS 0x0000000706200000, 0x0000000706200000| Untracked 
|  75|0x0000000706300000, 0x0000000706300000, 0x0000000706400000|  0%| F|  |TAMS 0x0000000706300000, 0x0000000706300000| Untracked 
|  76|0x0000000706400000, 0x0000000706400000, 0x0000000706500000|  0%| F|  |TAMS 0x0000000706400000, 0x0000000706400000| Untracked 
|  77|0x0000000706500000, 0x0000000706500000, 0x0000000706600000|  0%| F|  |TAMS 0x0000000706500000, 0x0000000706500000| Untracked 
|  78|0x0000000706600000, 0x0000000706600000, 0x0000000706700000|  0%| F|  |TAMS 0x0000000706600000, 0x0000000706600000| Untracked 
|  79|0x0000000706700000, 0x0000000706700000, 0x0000000706800000|  0%| F|  |TAMS 0x0000000706700000, 0x0000000706700000| Untracked 
|  80|0x0000000706800000, 0x0000000706800000, 0x0000000706900000|  0%| F|  |TAMS 0x0000000706800000, 0x0000000706800000| Untracked 
|  81|0x0000000706900000, 0x0000000706900000, 0x0000000706a00000|  0%| F|  |TAMS 0x0000000706900000, 0x0000000706900000| Untracked 
|  82|0x0000000706a00000, 0x0000000706a00000, 0x0000000706b00000|  0%| F|  |TAMS 0x0000000706a00000, 0x0000000706a00000| Untracked 
|  83|0x0000000706b00000, 0x0000000706b00000, 0x0000000706c00000|  0%| F|  |TAMS 0x0000000706b00000, 0x0000000706b00000| Untracked 
|  84|0x0000000706c00000, 0x0000000706c00000, 0x0000000706d00000|  0%| F|  |TAMS 0x0000000706c00000, 0x0000000706c00000| Untracked 
|  85|0x0000000706d00000, 0x0000000706d00000, 0x0000000706e00000|  0%| F|  |TAMS 0x0000000706d00000, 0x0000000706d00000| Untracked 
|  86|0x0000000706e00000, 0x0000000706e00000, 0x0000000706f00000|  0%| F|  |TAMS 0x0000000706e00000, 0x0000000706e00000| Untracked 
|  87|0x0000000706f00000, 0x0000000706f00000, 0x0000000707000000|  0%| F|  |TAMS 0x0000000706f00000, 0x0000000706f00000| Untracked 
|  88|0x0000000707000000, 0x0000000707000000, 0x0000000707100000|  0%| F|  |TAMS 0x0000000707000000, 0x0000000707000000| Untracked 
|  89|0x0000000707100000, 0x0000000707100000, 0x0000000707200000|  0%| F|  |TAMS 0x0000000707100000, 0x0000000707100000| Untracked 
|  90|0x0000000707200000, 0x0000000707200000, 0x0000000707300000|  0%| F|  |TAMS 0x0000000707200000, 0x0000000707200000| Untracked 
|  91|0x0000000707300000, 0x0000000707300000, 0x0000000707400000|  0%| F|  |TAMS 0x0000000707300000, 0x0000000707300000| Untracked 
|  92|0x0000000707400000, 0x0000000707400000, 0x0000000707500000|  0%| F|  |TAMS 0x0000000707400000, 0x0000000707400000| Untracked 
|  93|0x0000000707500000, 0x0000000707500000, 0x0000000707600000|  0%| F|  |TAMS 0x0000000707500000, 0x0000000707500000| Untracked 
|  94|0x0000000707600000, 0x0000000707600000, 0x0000000707700000|  0%| F|  |TAMS 0x0000000707600000, 0x0000000707600000| Untracked 
|  95|0x0000000707700000, 0x0000000707700000, 0x0000000707800000|  0%| F|  |TAMS 0x0000000707700000, 0x0000000707700000| Untracked 
|  96|0x0000000707800000, 0x0000000707800000, 0x0000000707900000|  0%| F|  |TAMS 0x0000000707800000, 0x0000000707800000| Untracked 
|  97|0x0000000707900000, 0x0000000707900000, 0x0000000707a00000|  0%| F|  |TAMS 0x0000000707900000, 0x0000000707900000| Untracked 
|  98|0x0000000707a00000, 0x0000000707a00000, 0x0000000707b00000|  0%| F|  |TAMS 0x0000000707a00000, 0x0000000707a00000| Untracked 
|  99|0x0000000707b00000, 0x0000000707b00000, 0x0000000707c00000|  0%| F|  |TAMS 0x0000000707b00000, 0x0000000707b00000| Untracked 
| 100|0x0000000707c00000, 0x0000000707c00000, 0x0000000707d00000|  0%| F|  |TAMS 0x0000000707c00000, 0x0000000707c00000| Untracked 
| 101|0x0000000707d00000, 0x0000000707d00000, 0x0000000707e00000|  0%| F|  |TAMS 0x0000000707d00000, 0x0000000707d00000| Untracked 
| 102|0x0000000707e00000, 0x0000000707e00000, 0x0000000707f00000|  0%| F|  |TAMS 0x0000000707e00000, 0x0000000707e00000| Untracked 
| 103|0x0000000707f00000, 0x0000000707f00000, 0x0000000708000000|  0%| F|  |TAMS 0x0000000707f00000, 0x0000000707f00000| Untracked 
| 104|0x0000000708000000, 0x0000000708000000, 0x0000000708100000|  0%| F|  |TAMS 0x0000000708000000, 0x0000000708000000| Untracked 
| 105|0x0000000708100000, 0x0000000708100000, 0x0000000708200000|  0%| F|  |TAMS 0x0000000708100000, 0x0000000708100000| Untracked 
| 106|0x0000000708200000, 0x0000000708200000, 0x0000000708300000|  0%| F|  |TAMS 0x0000000708200000, 0x0000000708200000| Untracked 
| 107|0x0000000708300000, 0x0000000708300000, 0x0000000708400000|  0%| F|  |TAMS 0x0000000708300000, 0x0000000708300000| Untracked 
| 108|0x0000000708400000, 0x0000000708400000, 0x0000000708500000|  0%| F|  |TAMS 0x0000000708400000, 0x0000000708400000| Untracked 
| 109|0x0000000708500000, 0x0000000708500000, 0x0000000708600000|  0%| F|  |TAMS 0x0000000708500000, 0x0000000708500000| Untracked 
| 110|0x0000000708600000, 0x0000000708600000, 0x0000000708700000|  0%| F|  |TAMS 0x0000000708600000, 0x0000000708600000| Untracked 
| 111|0x0000000708700000, 0x0000000708700000, 0x0000000708800000|  0%| F|  |TAMS 0x0000000708700000, 0x0000000708700000| Untracked 
| 112|0x0000000708800000, 0x0000000708800000, 0x0000000708900000|  0%| F|  |TAMS 0x0000000708800000, 0x0000000708800000| Untracked 
| 113|0x0000000708900000, 0x0000000708900000, 0x0000000708a00000|  0%| F|  |TAMS 0x0000000708900000, 0x0000000708900000| Untracked 
| 114|0x0000000708a00000, 0x0000000708a00000, 0x0000000708b00000|  0%| F|  |TAMS 0x0000000708a00000, 0x0000000708a00000| Untracked 
| 115|0x0000000708b00000, 0x0000000708b00000, 0x0000000708c00000|  0%| F|  |TAMS 0x0000000708b00000, 0x0000000708b00000| Untracked 
| 116|0x0000000708c00000, 0x0000000708c00000, 0x0000000708d00000|  0%| F|  |TAMS 0x0000000708c00000, 0x0000000708c00000| Untracked 
| 117|0x0000000708d00000, 0x0000000708d00000, 0x0000000708e00000|  0%| F|  |TAMS 0x0000000708d00000, 0x0000000708d00000| Untracked 
| 118|0x0000000708e00000, 0x0000000708e00000, 0x0000000708f00000|  0%| F|  |TAMS 0x0000000708e00000, 0x0000000708e00000| Untracked 
| 119|0x0000000708f00000, 0x0000000708f00000, 0x0000000709000000|  0%| F|  |TAMS 0x0000000708f00000, 0x0000000708f00000| Untracked 
| 120|0x0000000709000000, 0x0000000709000000, 0x0000000709100000|  0%| F|  |TAMS 0x0000000709000000, 0x0000000709000000| Untracked 
| 121|0x0000000709100000, 0x0000000709100000, 0x0000000709200000|  0%| F|  |TAMS 0x0000000709100000, 0x0000000709100000| Untracked 
| 122|0x0000000709200000, 0x0000000709200000, 0x0000000709300000|  0%| F|  |TAMS 0x0000000709200000, 0x0000000709200000| Untracked 
| 123|0x0000000709300000, 0x0000000709300000, 0x0000000709400000|  0%| F|  |TAMS 0x0000000709300000, 0x0000000709300000| Untracked 
| 124|0x0000000709400000, 0x0000000709400000, 0x0000000709500000|  0%| F|  |TAMS 0x0000000709400000, 0x0000000709400000| Untracked 
| 125|0x0000000709500000, 0x0000000709500000, 0x0000000709600000|  0%| F|  |TAMS 0x0000000709500000, 0x0000000709500000| Untracked 
| 126|0x0000000709600000, 0x0000000709600000, 0x0000000709700000|  0%| F|  |TAMS 0x0000000709600000, 0x0000000709600000| Untracked 
| 127|0x0000000709700000, 0x0000000709700000, 0x0000000709800000|  0%| F|  |TAMS 0x0000000709700000, 0x0000000709700000| Untracked 
| 128|0x0000000709800000, 0x0000000709800000, 0x0000000709900000|  0%| F|  |TAMS 0x0000000709800000, 0x0000000709800000| Untracked 
| 129|0x0000000709900000, 0x0000000709900000, 0x0000000709a00000|  0%| F|  |TAMS 0x0000000709900000, 0x0000000709900000| Untracked 
| 130|0x0000000709a00000, 0x0000000709a00000, 0x0000000709b00000|  0%| F|  |TAMS 0x0000000709a00000, 0x0000000709a00000| Untracked 
| 131|0x0000000709b00000, 0x0000000709b00000, 0x0000000709c00000|  0%| F|  |TAMS 0x0000000709b00000, 0x0000000709b00000| Untracked 
| 132|0x0000000709c00000, 0x0000000709c00000, 0x0000000709d00000|  0%| F|  |TAMS 0x0000000709c00000, 0x0000000709c00000| Untracked 
| 133|0x0000000709d00000, 0x0000000709d00000, 0x0000000709e00000|  0%| F|  |TAMS 0x0000000709d00000, 0x0000000709d00000| Untracked 
| 134|0x0000000709e00000, 0x0000000709e00000, 0x0000000709f00000|  0%| F|  |TAMS 0x0000000709e00000, 0x0000000709e00000| Untracked 
| 135|0x0000000709f00000, 0x0000000709f00000, 0x000000070a000000|  0%| F|  |TAMS 0x0000000709f00000, 0x0000000709f00000| Untracked 
| 136|0x000000070a000000, 0x000000070a000000, 0x000000070a100000|  0%| F|  |TAMS 0x000000070a000000, 0x000000070a000000| Untracked 
| 137|0x000000070a100000, 0x000000070a100000, 0x000000070a200000|  0%| F|  |TAMS 0x000000070a100000, 0x000000070a100000| Untracked 
| 138|0x000000070a200000, 0x000000070a200000, 0x000000070a300000|  0%| F|  |TAMS 0x000000070a200000, 0x000000070a200000| Untracked 
| 139|0x000000070a300000, 0x000000070a300000, 0x000000070a400000|  0%| F|  |TAMS 0x000000070a300000, 0x000000070a300000| Untracked 
| 140|0x000000070a400000, 0x000000070a400000, 0x000000070a500000|  0%| F|  |TAMS 0x000000070a400000, 0x000000070a400000| Untracked 
| 141|0x000000070a500000, 0x000000070a500000, 0x000000070a600000|  0%| F|  |TAMS 0x000000070a500000, 0x000000070a500000| Untracked 
| 142|0x000000070a600000, 0x000000070a600000, 0x000000070a700000|  0%| F|  |TAMS 0x000000070a600000, 0x000000070a600000| Untracked 
| 143|0x000000070a700000, 0x000000070a700000, 0x000000070a800000|  0%| F|  |TAMS 0x000000070a700000, 0x000000070a700000| Untracked 
| 144|0x000000070a800000, 0x000000070a800000, 0x000000070a900000|  0%| F|  |TAMS 0x000000070a800000, 0x000000070a800000| Untracked 
| 145|0x000000070a900000, 0x000000070a900000, 0x000000070aa00000|  0%| F|  |TAMS 0x000000070a900000, 0x000000070a900000| Untracked 
| 146|0x000000070aa00000, 0x000000070aa00000, 0x000000070ab00000|  0%| F|  |TAMS 0x000000070aa00000, 0x000000070aa00000| Untracked 
| 147|0x000000070ab00000, 0x000000070ab00000, 0x000000070ac00000|  0%| F|  |TAMS 0x000000070ab00000, 0x000000070ab00000| Untracked 
| 148|0x000000070ac00000, 0x000000070ac00000, 0x000000070ad00000|  0%| F|  |TAMS 0x000000070ac00000, 0x000000070ac00000| Untracked 
| 149|0x000000070ad00000, 0x000000070ad00000, 0x000000070ae00000|  0%| F|  |TAMS 0x000000070ad00000, 0x000000070ad00000| Untracked 
| 150|0x000000070ae00000, 0x000000070ae00000, 0x000000070af00000|  0%| F|  |TAMS 0x000000070ae00000, 0x000000070ae00000| Untracked 
| 151|0x000000070af00000, 0x000000070af00000, 0x000000070b000000|  0%| F|  |TAMS 0x000000070af00000, 0x000000070af00000| Untracked 
| 152|0x000000070b000000, 0x000000070b000000, 0x000000070b100000|  0%| F|  |TAMS 0x000000070b000000, 0x000000070b000000| Untracked 
| 153|0x000000070b100000, 0x000000070b100000, 0x000000070b200000|  0%| F|  |TAMS 0x000000070b100000, 0x000000070b100000| Untracked 
| 154|0x000000070b200000, 0x000000070b200000, 0x000000070b300000|  0%| F|  |TAMS 0x000000070b200000, 0x000000070b200000| Untracked 
| 155|0x000000070b300000, 0x000000070b300000, 0x000000070b400000|  0%| F|  |TAMS 0x000000070b300000, 0x000000070b300000| Untracked 
| 156|0x000000070b400000, 0x000000070b400000, 0x000000070b500000|  0%| F|  |TAMS 0x000000070b400000, 0x000000070b400000| Untracked 
| 157|0x000000070b500000, 0x000000070b500000, 0x000000070b600000|  0%| F|  |TAMS 0x000000070b500000, 0x000000070b500000| Untracked 
| 158|0x000000070b600000, 0x000000070b600000, 0x000000070b700000|  0%| F|  |TAMS 0x000000070b600000, 0x000000070b600000| Untracked 
| 159|0x000000070b700000, 0x000000070b700000, 0x000000070b800000|  0%| F|  |TAMS 0x000000070b700000, 0x000000070b700000| Untracked 
| 160|0x000000070b800000, 0x000000070b800000, 0x000000070b900000|  0%| F|  |TAMS 0x000000070b800000, 0x000000070b800000| Untracked 
| 161|0x000000070b900000, 0x000000070b900000, 0x000000070ba00000|  0%| F|  |TAMS 0x000000070b900000, 0x000000070b900000| Untracked 
| 162|0x000000070ba00000, 0x000000070ba00000, 0x000000070bb00000|  0%| F|  |TAMS 0x000000070ba00000, 0x000000070ba00000| Untracked 
| 163|0x000000070bb00000, 0x000000070bb00000, 0x000000070bc00000|  0%| F|  |TAMS 0x000000070bb00000, 0x000000070bb00000| Untracked 
| 164|0x000000070bc00000, 0x000000070bc00000, 0x000000070bd00000|  0%| F|  |TAMS 0x000000070bc00000, 0x000000070bc00000| Untracked 
| 165|0x000000070bd00000, 0x000000070bd00000, 0x000000070be00000|  0%| F|  |TAMS 0x000000070bd00000, 0x000000070bd00000| Untracked 
| 166|0x000000070be00000, 0x000000070be00000, 0x000000070bf00000|  0%| F|  |TAMS 0x000000070be00000, 0x000000070be00000| Untracked 
| 167|0x000000070bf00000, 0x000000070bf00000, 0x000000070c000000|  0%| F|  |TAMS 0x000000070bf00000, 0x000000070bf00000| Untracked 
| 168|0x000000070c000000, 0x000000070c000000, 0x000000070c100000|  0%| F|  |TAMS 0x000000070c000000, 0x000000070c000000| Untracked 
| 169|0x000000070c100000, 0x000000070c100000, 0x000000070c200000|  0%| F|  |TAMS 0x000000070c100000, 0x000000070c100000| Untracked 
| 170|0x000000070c200000, 0x000000070c200000, 0x000000070c300000|  0%| F|  |TAMS 0x000000070c200000, 0x000000070c200000| Untracked 
| 171|0x000000070c300000, 0x000000070c300000, 0x000000070c400000|  0%| F|  |TAMS 0x000000070c300000, 0x000000070c300000| Untracked 
| 172|0x000000070c400000, 0x000000070c400000, 0x000000070c500000|  0%| F|  |TAMS 0x000000070c400000, 0x000000070c400000| Untracked 
| 173|0x000000070c500000, 0x000000070c500000, 0x000000070c600000|  0%| F|  |TAMS 0x000000070c500000, 0x000000070c500000| Untracked 
| 174|0x000000070c600000, 0x000000070c600000, 0x000000070c700000|  0%| F|  |TAMS 0x000000070c600000, 0x000000070c600000| Untracked 
| 175|0x000000070c700000, 0x000000070c700000, 0x000000070c800000|  0%| F|  |TAMS 0x000000070c700000, 0x000000070c700000| Untracked 
| 176|0x000000070c800000, 0x000000070c800000, 0x000000070c900000|  0%| F|  |TAMS 0x000000070c800000, 0x000000070c800000| Untracked 
| 177|0x000000070c900000, 0x000000070c900000, 0x000000070ca00000|  0%| F|  |TAMS 0x000000070c900000, 0x000000070c900000| Untracked 
| 178|0x000000070ca00000, 0x000000070ca00000, 0x000000070cb00000|  0%| F|  |TAMS 0x000000070ca00000, 0x000000070ca00000| Untracked 
| 179|0x000000070cb00000, 0x000000070cb00000, 0x000000070cc00000|  0%| F|  |TAMS 0x000000070cb00000, 0x000000070cb00000| Untracked 
| 180|0x000000070cc00000, 0x000000070cc00000, 0x000000070cd00000|  0%| F|  |TAMS 0x000000070cc00000, 0x000000070cc00000| Untracked 
| 181|0x000000070cd00000, 0x000000070cd00000, 0x000000070ce00000|  0%| F|  |TAMS 0x000000070cd00000, 0x000000070cd00000| Untracked 
| 182|0x000000070ce00000, 0x000000070ce00000, 0x000000070cf00000|  0%| F|  |TAMS 0x000000070ce00000, 0x000000070ce00000| Untracked 
| 183|0x000000070cf00000, 0x000000070cf00000, 0x000000070d000000|  0%| F|  |TAMS 0x000000070cf00000, 0x000000070cf00000| Untracked 
| 184|0x000000070d000000, 0x000000070d000000, 0x000000070d100000|  0%| F|  |TAMS 0x000000070d000000, 0x000000070d000000| Untracked 
| 185|0x000000070d100000, 0x000000070d100000, 0x000000070d200000|  0%| F|  |TAMS 0x000000070d100000, 0x000000070d100000| Untracked 
| 186|0x000000070d200000, 0x000000070d200000, 0x000000070d300000|  0%| F|  |TAMS 0x000000070d200000, 0x000000070d200000| Untracked 
| 187|0x000000070d300000, 0x000000070d300000, 0x000000070d400000|  0%| F|  |TAMS 0x000000070d300000, 0x000000070d300000| Untracked 
| 188|0x000000070d400000, 0x000000070d400000, 0x000000070d500000|  0%| F|  |TAMS 0x000000070d400000, 0x000000070d400000| Untracked 
| 189|0x000000070d500000, 0x000000070d500000, 0x000000070d600000|  0%| F|  |TAMS 0x000000070d500000, 0x000000070d500000| Untracked 
| 190|0x000000070d600000, 0x000000070d600000, 0x000000070d700000|  0%| F|  |TAMS 0x000000070d600000, 0x000000070d600000| Untracked 
| 191|0x000000070d700000, 0x000000070d700000, 0x000000070d800000|  0%| F|  |TAMS 0x000000070d700000, 0x000000070d700000| Untracked 
| 192|0x000000070d800000, 0x000000070d800000, 0x000000070d900000|  0%| F|  |TAMS 0x000000070d800000, 0x000000070d800000| Untracked 
| 193|0x000000070d900000, 0x000000070d900000, 0x000000070da00000|  0%| F|  |TAMS 0x000000070d900000, 0x000000070d900000| Untracked 
| 194|0x000000070da00000, 0x000000070da00000, 0x000000070db00000|  0%| F|  |TAMS 0x000000070da00000, 0x000000070da00000| Untracked 
| 195|0x000000070db00000, 0x000000070db00000, 0x000000070dc00000|  0%| F|  |TAMS 0x000000070db00000, 0x000000070db00000| Untracked 
| 196|0x000000070dc00000, 0x000000070dc00000, 0x000000070dd00000|  0%| F|  |TAMS 0x000000070dc00000, 0x000000070dc00000| Untracked 
| 197|0x000000070dd00000, 0x000000070dd00000, 0x000000070de00000|  0%| F|  |TAMS 0x000000070dd00000, 0x000000070dd00000| Untracked 
| 198|0x000000070de00000, 0x000000070de00000, 0x000000070df00000|  0%| F|  |TAMS 0x000000070de00000, 0x000000070de00000| Untracked 
| 199|0x000000070df00000, 0x000000070df00000, 0x000000070e000000|  0%| F|  |TAMS 0x000000070df00000, 0x000000070df00000| Untracked 
| 200|0x000000070e000000, 0x000000070e000000, 0x000000070e100000|  0%| F|  |TAMS 0x000000070e000000, 0x000000070e000000| Untracked 
| 201|0x000000070e100000, 0x000000070e100000, 0x000000070e200000|  0%| F|  |TAMS 0x000000070e100000, 0x000000070e100000| Untracked 
| 202|0x000000070e200000, 0x000000070e200000, 0x000000070e300000|  0%| F|  |TAMS 0x000000070e200000, 0x000000070e200000| Untracked 
| 203|0x000000070e300000, 0x000000070e300000, 0x000000070e400000|  0%| F|  |TAMS 0x000000070e300000, 0x000000070e300000| Untracked 
| 204|0x000000070e400000, 0x000000070e400000, 0x000000070e500000|  0%| F|  |TAMS 0x000000070e400000, 0x000000070e400000| Untracked 
| 205|0x000000070e500000, 0x000000070e500000, 0x000000070e600000|  0%| F|  |TAMS 0x000000070e500000, 0x000000070e500000| Untracked 
| 206|0x000000070e600000, 0x000000070e600000, 0x000000070e700000|  0%| F|  |TAMS 0x000000070e600000, 0x000000070e600000| Untracked 
| 207|0x000000070e700000, 0x000000070e700000, 0x000000070e800000|  0%| F|  |TAMS 0x000000070e700000, 0x000000070e700000| Untracked 
| 208|0x000000070e800000, 0x000000070e800000, 0x000000070e900000|  0%| F|  |TAMS 0x000000070e800000, 0x000000070e800000| Untracked 
| 209|0x000000070e900000, 0x000000070e900000, 0x000000070ea00000|  0%| F|  |TAMS 0x000000070e900000, 0x000000070e900000| Untracked 
| 210|0x000000070ea00000, 0x000000070ea00000, 0x000000070eb00000|  0%| F|  |TAMS 0x000000070ea00000, 0x000000070ea00000| Untracked 
| 211|0x000000070eb00000, 0x000000070eb00000, 0x000000070ec00000|  0%| F|  |TAMS 0x000000070eb00000, 0x000000070eb00000| Untracked 
| 212|0x000000070ec00000, 0x000000070ec00000, 0x000000070ed00000|  0%| F|  |TAMS 0x000000070ec00000, 0x000000070ec00000| Untracked 
| 213|0x000000070ed00000, 0x000000070ed00000, 0x000000070ee00000|  0%| F|  |TAMS 0x000000070ed00000, 0x000000070ed00000| Untracked 
| 214|0x000000070ee00000, 0x000000070ee00000, 0x000000070ef00000|  0%| F|  |TAMS 0x000000070ee00000, 0x000000070ee00000| Untracked 
| 215|0x000000070ef00000, 0x000000070ef00000, 0x000000070f000000|  0%| F|  |TAMS 0x000000070ef00000, 0x000000070ef00000| Untracked 
| 216|0x000000070f000000, 0x000000070f000000, 0x000000070f100000|  0%| F|  |TAMS 0x000000070f000000, 0x000000070f000000| Untracked 
| 217|0x000000070f100000, 0x000000070f100000, 0x000000070f200000|  0%| F|  |TAMS 0x000000070f100000, 0x000000070f100000| Untracked 
| 218|0x000000070f200000, 0x000000070f200000, 0x000000070f300000|  0%| F|  |TAMS 0x000000070f200000, 0x000000070f200000| Untracked 
| 219|0x000000070f300000, 0x000000070f300000, 0x000000070f400000|  0%| F|  |TAMS 0x000000070f300000, 0x000000070f300000| Untracked 
| 220|0x000000070f400000, 0x000000070f400000, 0x000000070f500000|  0%| F|  |TAMS 0x000000070f400000, 0x000000070f400000| Untracked 
| 221|0x000000070f500000, 0x000000070f500000, 0x000000070f600000|  0%| F|  |TAMS 0x000000070f500000, 0x000000070f500000| Untracked 
| 222|0x000000070f600000, 0x000000070f600000, 0x000000070f700000|  0%| F|  |TAMS 0x000000070f600000, 0x000000070f600000| Untracked 
| 223|0x000000070f700000, 0x000000070f700000, 0x000000070f800000|  0%| F|  |TAMS 0x000000070f700000, 0x000000070f700000| Untracked 
| 224|0x000000070f800000, 0x000000070f800000, 0x000000070f900000|  0%| F|  |TAMS 0x000000070f800000, 0x000000070f800000| Untracked 
| 225|0x000000070f900000, 0x000000070f900000, 0x000000070fa00000|  0%| F|  |TAMS 0x000000070f900000, 0x000000070f900000| Untracked 
| 226|0x000000070fa00000, 0x000000070fa00000, 0x000000070fb00000|  0%| F|  |TAMS 0x000000070fa00000, 0x000000070fa00000| Untracked 
| 227|0x000000070fb00000, 0x000000070fb00000, 0x000000070fc00000|  0%| F|  |TAMS 0x000000070fb00000, 0x000000070fb00000| Untracked 
| 228|0x000000070fc00000, 0x000000070fc00000, 0x000000070fd00000|  0%| F|  |TAMS 0x000000070fc00000, 0x000000070fc00000| Untracked 
| 229|0x000000070fd00000, 0x000000070fdcbf58, 0x000000070fe00000| 79%| S|CS|TAMS 0x000000070fd00000, 0x000000070fd00000| Complete 
| 230|0x000000070fe00000, 0x000000070ff00000, 0x000000070ff00000|100%| S|CS|TAMS 0x000000070fe00000, 0x000000070fe00000| Complete 
| 231|0x000000070ff00000, 0x0000000710000000, 0x0000000710000000|100%| S|CS|TAMS 0x000000070ff00000, 0x000000070ff00000| Complete 
| 232|0x0000000710000000, 0x0000000710000000, 0x0000000710100000|  0%| F|  |TAMS 0x0000000710000000, 0x0000000710000000| Untracked 
| 233|0x0000000710100000, 0x0000000710100000, 0x0000000710200000|  0%| F|  |TAMS 0x0000000710100000, 0x0000000710100000| Untracked 
| 234|0x0000000710200000, 0x0000000710200000, 0x0000000710300000|  0%| F|  |TAMS 0x0000000710200000, 0x0000000710200000| Untracked 
| 235|0x0000000710300000, 0x0000000710300000, 0x0000000710400000|  0%| F|  |TAMS 0x0000000710300000, 0x0000000710300000| Untracked 
| 236|0x0000000710400000, 0x0000000710400000, 0x0000000710500000|  0%| F|  |TAMS 0x0000000710400000, 0x0000000710400000| Untracked 
| 237|0x0000000710500000, 0x0000000710500000, 0x0000000710600000|  0%| F|  |TAMS 0x0000000710500000, 0x0000000710500000| Untracked 
| 238|0x0000000710600000, 0x0000000710600000, 0x0000000710700000|  0%| F|  |TAMS 0x0000000710600000, 0x0000000710600000| Untracked 
| 239|0x0000000710700000, 0x0000000710700000, 0x0000000710800000|  0%| F|  |TAMS 0x0000000710700000, 0x0000000710700000| Untracked 
| 240|0x0000000710800000, 0x0000000710800000, 0x0000000710900000|  0%| F|  |TAMS 0x0000000710800000, 0x0000000710800000| Untracked 
| 241|0x0000000710900000, 0x0000000710900000, 0x0000000710a00000|  0%| F|  |TAMS 0x0000000710900000, 0x0000000710900000| Untracked 
| 242|0x0000000710a00000, 0x0000000710a00000, 0x0000000710b00000|  0%| F|  |TAMS 0x0000000710a00000, 0x0000000710a00000| Untracked 
| 243|0x0000000710b00000, 0x0000000710b00000, 0x0000000710c00000|  0%| F|  |TAMS 0x0000000710b00000, 0x0000000710b00000| Untracked 
| 244|0x0000000710c00000, 0x0000000710c00000, 0x0000000710d00000|  0%| F|  |TAMS 0x0000000710c00000, 0x0000000710c00000| Untracked 
| 245|0x0000000710d00000, 0x0000000710d00000, 0x0000000710e00000|  0%| F|  |TAMS 0x0000000710d00000, 0x0000000710d00000| Untracked 
| 246|0x0000000710e00000, 0x0000000710e00000, 0x0000000710f00000|  0%| F|  |TAMS 0x0000000710e00000, 0x0000000710e00000| Untracked 
| 247|0x0000000710f00000, 0x0000000710f00000, 0x0000000711000000|  0%| F|  |TAMS 0x0000000710f00000, 0x0000000710f00000| Untracked 
| 248|0x0000000711000000, 0x0000000711000000, 0x0000000711100000|  0%| F|  |TAMS 0x0000000711000000, 0x0000000711000000| Untracked 
| 249|0x0000000711100000, 0x0000000711100000, 0x0000000711200000|  0%| F|  |TAMS 0x0000000711100000, 0x0000000711100000| Untracked 
| 250|0x0000000711200000, 0x0000000711200000, 0x0000000711300000|  0%| F|  |TAMS 0x0000000711200000, 0x0000000711200000| Untracked 
| 251|0x0000000711300000, 0x0000000711300000, 0x0000000711400000|  0%| F|  |TAMS 0x0000000711300000, 0x0000000711300000| Untracked 
| 252|0x0000000711400000, 0x0000000711400000, 0x0000000711500000|  0%| F|  |TAMS 0x0000000711400000, 0x0000000711400000| Untracked 
| 253|0x0000000711500000, 0x0000000711500000, 0x0000000711600000|  0%| F|  |TAMS 0x0000000711500000, 0x0000000711500000| Untracked 
| 254|0x0000000711600000, 0x0000000711700000, 0x0000000711700000|100%| E|  |TAMS 0x0000000711600000, 0x0000000711600000| Complete 
| 255|0x0000000711700000, 0x0000000711800000, 0x0000000711800000|100%| E|CS|TAMS 0x0000000711700000, 0x0000000711700000| Complete 

Card table byte_map: [0x000002916da00000,0x000002916e200000] _byte_map_base: 0x000002916a1f4000

Marking Bits (Prev, Next): (CMBitMap*) 0x00000291559100b8, (CMBitMap*) 0x00000291559100f8
 Prev Bits: [0x000002916ea00000, 0x00000291729a0000)
 Next Bits: [0x00000291729a0000, 0x0000029176940000)

Polling page: 0x0000029153670000

Metaspace:

Usage:
  Non-class:      9.52 MB capacity,     8.64 MB ( 91%) used,   877.64 KB (  9%) free+waste,    18.94 KB ( <1%) overhead. 
      Class:    776.00 KB capacity,   621.17 KB ( 80%) used,   146.14 KB ( 19%) free+waste,     8.69 KB (  1%) overhead. 
       Both:     10.28 MB capacity,     9.25 MB ( 90%) used,  1023.78 KB ( 10%) free+waste,    27.63 KB ( <1%) overhead. 

Virtual space:
  Non-class space:       10.00 MB reserved,       9.75 MB ( 98%) committed 
      Class space:        1.00 GB reserved,     896.00 KB ( <1%) committed 
             Both:        1.01 GB reserved,      10.63 MB (  1%) committed 

Chunk freelists:
   Non-Class:  5.38 KB
       Class:  3.00 KB
        Both:  8.38 KB

CodeHeap 'non-profiled nmethods': size=120000Kb used=401Kb max_used=401Kb free=119598Kb
 bounds [0x0000029165780000, 0x00000291659f0000, 0x000002916ccb0000]
CodeHeap 'profiled nmethods': size=120000Kb used=2197Kb max_used=2197Kb free=117802Kb
 bounds [0x000002915e250000, 0x000002915e4c0000, 0x0000029165780000]
CodeHeap 'non-nmethods': size=5760Kb used=1597Kb max_used=1610Kb free=4162Kb
 bounds [0x000002915dcb0000, 0x000002915df20000, 0x000002915e250000]
 total_blobs=2432 nmethods=1172 adapters=953
 compilation: enabled
              stopped_count=0, restarted_count=0
 full_count=0

Compilation events (10 events):
Event: 5.933 Thread 0x0000029179f80000 nmethod 1166 0x000002915e471190 code [0x000002915e471340, 0x000002915e4714b8]
Event: 5.933 Thread 0x0000029179f80000 1167       3       org.joml.Matrix4f::_m21 (7 bytes)
Event: 5.933 Thread 0x0000029179f80000 nmethod 1167 0x000002915e471590 code [0x000002915e471740, 0x000002915e4718b8]
Event: 5.933 Thread 0x0000029179f80000 1168       3       org.joml.Matrix4f::_m23 (7 bytes)
Event: 5.933 Thread 0x0000029179f80000 nmethod 1168 0x000002915e471990 code [0x000002915e471b40, 0x000002915e471cb8]
Event: 5.933 Thread 0x0000029179f80000 1169       3       org.joml.Matrix4f::translate (150 bytes)
Event: 5.933 Thread 0x0000029179f80000 nmethod 1169 0x000002915e471d90 code [0x000002915e471f80, 0x000002915e472410]
Event: 5.933 Thread 0x0000029179f80000 1170       3       engine.OpenGL.ShaderProgram::setUniform (16 bytes)
Event: 5.933 Thread 0x0000029179f80000 nmethod 1170 0x000002915e472590 code [0x000002915e472760, 0x000002915e4729b0]
Event: 5.933 Thread 0x0000029179f80000 1171       3       engine.OpenGL.Uniform::set (91 bytes)

GC Heap History (2 events):
Event: 1.806 GC heap before
{Heap before GC invocations=0 (full 0):
 garbage-first heap   total 262144K, used 27648K [0x0000000701800000, 0x0000000800000000)
  region size 1024K, 24 young (24576K), 0 survivors (0K)
 Metaspace       used 8974K, capacity 10045K, committed 10240K, reserved 1058816K
  class space    used 598K, capacity 744K, committed 768K, reserved 1048576K
}
Event: 1.810 GC heap after
{Heap after GC invocations=1 (full 0):
 garbage-first heap   total 262144K, used 2863K [0x0000000701800000, 0x0000000800000000)
  region size 1024K, 3 young (3072K), 3 survivors (3072K)
 Metaspace       used 8974K, capacity 10045K, committed 10240K, reserved 1058816K
  class space    used 598K, capacity 744K, committed 768K, reserved 1048576K
}

Deoptimization events (10 events):
Event: 0.163 Thread 0x00000291558a8800 Uncommon trap: reason=unstable_if action=reinterpret pc=0x000002916578ebac method=java.lang.String.isLatin1()Z @ 10 c2
Event: 0.169 Thread 0x00000291558a8800 Uncommon trap: reason=bimorphic_or_optimized_type_check action=maybe_recompile pc=0x00000291657884c4 method=java.util.AbstractCollection.isEmpty()Z @ 1 c2
Event: 0.169 Thread 0x00000291558a8800 Uncommon trap: reason=bimorphic_or_optimized_type_check action=maybe_recompile pc=0x00000291657884c4 method=java.util.AbstractCollection.isEmpty()Z @ 1 c2
Event: 0.170 Thread 0x00000291558a8800 Uncommon trap: reason=bimorphic_or_optimized_type_check action=maybe_recompile pc=0x00000291657884c4 method=java.util.AbstractCollection.isEmpty()Z @ 1 c2
Event: 0.171 Thread 0x00000291558a8800 Uncommon trap: reason=bimorphic_or_optimized_type_check action=maybe_recompile pc=0x00000291657884c4 method=java.util.AbstractCollection.isEmpty()Z @ 1 c2
Event: 0.180 Thread 0x00000291558a8800 Uncommon trap: reason=class_check action=maybe_recompile pc=0x000002916578ddc0 method=java.util.HashMap.putVal(ILjava/lang/Object;Ljava/lang/Object;ZZ)Ljava/lang/Object; @ 152 c2
Event: 0.180 Thread 0x00000291558a8800 Uncommon trap: reason=class_check action=maybe_recompile pc=0x000002916578ddc0 method=java.util.HashMap.putVal(ILjava/lang/Object;Ljava/lang/Object;ZZ)Ljava/lang/Object; @ 152 c2
Event: 0.180 Thread 0x00000291558a8800 Uncommon trap: reason=class_check action=maybe_recompile pc=0x000002916578ddc0 method=java.util.HashMap.putVal(ILjava/lang/Object;Ljava/lang/Object;ZZ)Ljava/lang/Object; @ 152 c2
Event: 0.180 Thread 0x00000291558a8800 Uncommon trap: reason=class_check action=maybe_recompile pc=0x000002916578ddc0 method=java.util.HashMap.putVal(ILjava/lang/Object;Ljava/lang/Object;ZZ)Ljava/lang/Object; @ 152 c2
Event: 0.273 Thread 0x00000291558a8800 Uncommon trap: reason=unstable_if action=reinterpret pc=0x00000291657a2b50 method=java.util.HashMap.putVal(ILjava/lang/Object;Ljava/lang/Object;ZZ)Ljava/lang/Object; @ 181 c2

Classes redefined (0 events):
No events

Internal exceptions (10 events):
Event: 0.213 Thread 0x00000291558a8800 Exception <a 'java/lang/NoSuchMethodError'{0x000000071132d220}: java.lang.invoke.DirectMethodHandle$Holder.invokeStaticInit(Ljava/lang/Object;Ljava/lang/Object;Ljava/lang/Object;)Ljava/lang/Object;> (0x000000071132d220) thrown at [t:/workspace/open/src/ho
Event: 1.244 Thread 0x00000291558a8800 Exception <a 'sun/nio/fs/WindowsException'{0x000000071106c8c0}> (0x000000071106c8c0) thrown at [t:/workspace/open/src/hotspot/share/prims/jni.cpp, line 615]
Event: 1.245 Thread 0x00000291558a8800 Exception <a 'sun/nio/fs/WindowsException'{0x000000071106de68}> (0x000000071106de68) thrown at [t:/workspace/open/src/hotspot/share/prims/jni.cpp, line 615]
Event: 1.461 Thread 0x00000291558a8800 Exception <a 'java/lang/NoSuchMethodError'{0x00000007108dc710}: java.lang.invoke.DirectMethodHandle$Holder.invokeSpecialIFC(Ljava/lang/Object;Ljava/lang/Object;I)I> (0x00000007108dc710) thrown at [t:/workspace/open/src/hotspot/share/interpreter/linkResolv
Event: 1.472 Thread 0x00000291558a8800 Exception <a 'java/lang/ClassNotFoundException'{0x00000007107be4d8}: sun/awt/resources/spi/awtProvider> (0x00000007107be4d8) thrown at [t:/workspace/open/src/hotspot/share/classfile/systemDictionary.cpp, line 235]
Event: 1.481 Thread 0x00000291558a8800 Exception <a 'java/io/FileNotFoundException'{0x00000007106086c0}> (0x00000007106086c0) thrown at [t:/workspace/open/src/hotspot/share/prims/jni.cpp, line 615]
Event: 1.489 Thread 0x00000291558a8800 Exception <a 'java/io/FileNotFoundException'{0x0000000710688280}> (0x0000000710688280) thrown at [t:/workspace/open/src/hotspot/share/prims/jni.cpp, line 615]
Event: 1.505 Thread 0x00000291558a8800 Exception <a 'java/lang/NoSuchMethodError'{0x000000071053a6e8}: java.lang.invoke.DirectMethodHandle$Holder.invokeStaticInit(Ljava/lang/Object;IIII)Ljava/lang/Object;> (0x000000071053a6e8) thrown at [t:/workspace/open/src/hotspot/share/interpreter/linkReso
Event: 1.650 Thread 0x00000291558a8800 Exception <a 'java/lang/NoSuchMethodError'{0x0000000710590cf0}: java.lang.invoke.DirectMethodHandle$Holder.invokeStaticInit(Ljava/lang/Object;Ljava/lang/Object;IIII)Ljava/lang/Object;> (0x0000000710590cf0) thrown at [t:/workspace/open/src/hotspot/share/in
Event: 1.752 Thread 0x00000291558a8800 Exception <a 'java/lang/NoSuchMethodError'{0x00000007102aef08}: java.lang.invoke.Invokers$Holder.linkToTargetMethod(Ljava/lang/Object;ILjava/lang/Object;)Ljava/lang/Object;> (0x00000007102aef08) thrown at [t:/workspace/open/src/hotspot/share/interpreter/l

Events (10 events):
Event: 2.714 Executing VM operation: GetFrameLocation
Event: 2.714 Executing VM operation: GetFrameLocation done
Event: 2.714 Executing VM operation: GetOrSetLocal
Event: 2.715 Executing VM operation: GetOrSetLocal done
Event: 2.734 loading class jdk/internal/math/FDBigInteger
Event: 2.734 loading class jdk/internal/math/FDBigInteger done
Event: 2.735 loading class java/text/DigitList$1
Event: 2.735 loading class java/text/DigitList$1 done
Event: 5.933 loading class org/joml/Math
Event: 5.933 loading class org/joml/Math done


Dynamic libraries:
0x00007ff6ac2d0000 - 0x00007ff6ac2df000 	C:\Program Files\Java\jdk-12.0.2\bin\java.exe
0x00007ffaa04f0000 - 0x00007ffaa06dd000 	C:\Windows\SYSTEM32\ntdll.dll
0x00007ffa9ddd0000 - 0x00007ffa9de83000 	C:\Windows\System32\KERNEL32.DLL
0x00007ffa9cb60000 - 0x00007ffa9cdf5000 	C:\Windows\System32\KERNELBASE.dll
0x00007ffa9ca60000 - 0x00007ffa9cb5a000 	C:\Windows\System32\ucrtbase.dll
0x00007ffa9a910000 - 0x00007ffa9a928000 	C:\Program Files\Java\jdk-12.0.2\bin\jli.dll
0x00007ffa99d60000 - 0x00007ffa99d76000 	C:\Program Files\Java\jdk-12.0.2\bin\VCRUNTIME140.dll
0x00007ffa9f4a0000 - 0x00007ffa9f543000 	C:\Windows\System32\ADVAPI32.dll
0x00007ffa9d820000 - 0x00007ffa9d8be000 	C:\Windows\System32\msvcrt.dll
0x00007ffa9f400000 - 0x00007ffa9f49e000 	C:\Windows\System32\sechost.dll
0x00007ffaa0080000 - 0x00007ffaa01a2000 	C:\Windows\System32\RPCRT4.dll
0x00007ffa9fa10000 - 0x00007ffa9fba7000 	C:\Windows\System32\USER32.dll
0x00007ffa9ce00000 - 0x00007ffa9ce20000 	C:\Windows\System32\win32u.dll
0x00007ffaa0050000 - 0x00007ffaa0079000 	C:\Windows\System32\GDI32.dll
0x00007ffa8abb0000 - 0x00007ffa8ae29000 	C:\Windows\WinSxS\amd64_microsoft.windows.common-controls_6595b64144ccf1df_6.0.17763.1158_none_de722d88534a897f\COMCTL32.dll
0x00007ffa9c6e0000 - 0x00007ffa9c879000 	C:\Windows\System32\gdi32full.dll
0x00007ffa9d9f0000 - 0x00007ffa9dd1c000 	C:\Windows\System32\combase.dll
0x00007ffa9c5b0000 - 0x00007ffa9c650000 	C:\Windows\System32\msvcp_win.dll
0x00007ffa9ce20000 - 0x00007ffa9ce9e000 	C:\Windows\System32\bcryptPrimitives.dll
0x00007ffa9b270000 - 0x00007ffa9b27a000 	C:\Windows\SYSTEM32\VERSION.dll
0x00007ffa9f980000 - 0x00007ffa9f9ae000 	C:\Windows\System32\IMM32.DLL
0x00007ffa932a0000 - 0x00007ffa9334a000 	C:\Program Files\Java\jdk-12.0.2\bin\msvcp140.dll
0x00007ffa63370000 - 0x00007ffa63ee7000 	C:\Program Files\Java\jdk-12.0.2\bin\server\jvm.dll
0x00007ffa9de90000 - 0x00007ffa9de98000 	C:\Windows\System32\PSAPI.DLL
0x00007ffa7e820000 - 0x00007ffa7e829000 	C:\Windows\SYSTEM32\WSOCK32.dll
0x00007ffa99840000 - 0x00007ffa99864000 	C:\Windows\SYSTEM32\WINMM.dll
0x00007ffa9f810000 - 0x00007ffa9f87d000 	C:\Windows\System32\WS2_32.dll
0x00007ffa993c0000 - 0x00007ffa993ed000 	C:\Windows\SYSTEM32\WINMMBASE.dll
0x00007ffa9cea0000 - 0x00007ffa9ceea000 	C:\Windows\System32\cfgmgr32.dll
0x00007ffa9c4e0000 - 0x00007ffa9c4f1000 	C:\Windows\System32\kernel.appcore.dll
0x00007ffa947a0000 - 0x00007ffa947b1000 	C:\Program Files\Java\jdk-12.0.2\bin\verify.dll
0x00007ffa9bfc0000 - 0x00007ffa9c1ad000 	C:\Windows\SYSTEM32\DBGHELP.DLL
0x00007ffa9bed0000 - 0x00007ffa9befa000 	C:\Windows\SYSTEM32\dbgcore.DLL
0x00007ffa94770000 - 0x00007ffa94796000 	C:\Program Files\Java\jdk-12.0.2\bin\java.dll
0x00007ffa81370000 - 0x00007ffa813a8000 	C:\Program Files\Java\jdk-12.0.2\bin\jdwp.dll
0x00007ffa93d50000 - 0x00007ffa93d5e000 	C:\Program Files\Java\jdk-12.0.2\bin\instrument.dll
0x00007ffa93d80000 - 0x00007ffa93d97000 	C:\Program Files\Java\jdk-12.0.2\bin\zip.dll
0x00007ffa93d60000 - 0x00007ffa93d6a000 	C:\Program Files\Java\jdk-12.0.2\bin\jimage.dll
0x00007ffa9df00000 - 0x00007ffa9f3f4000 	C:\Windows\System32\SHELL32.dll
0x00007ffa9dd20000 - 0x00007ffa9ddc8000 	C:\Windows\System32\shcore.dll
0x00007ffa9cef0000 - 0x00007ffa9d63d000 	C:\Windows\System32\windows.storage.dll
0x00007ffa9c580000 - 0x00007ffa9c5a4000 	C:\Windows\System32\profapi.dll
0x00007ffa9c520000 - 0x00007ffa9c57d000 	C:\Windows\System32\powrprof.dll
0x00007ffa9f6d0000 - 0x00007ffa9f722000 	C:\Windows\System32\shlwapi.dll
0x00007ffa9d6f0000 - 0x00007ffa9d707000 	C:\Windows\System32\cryptsp.dll
0x00007ffa927a0000 - 0x00007ffa927aa000 	C:\Program Files\Java\jdk-12.0.2\bin\dt_socket.dll
0x00007ffa9b910000 - 0x00007ffa9b977000 	C:\Windows\system32\mswsock.dll
0x00007ffa93d30000 - 0x00007ffa93d49000 	C:\Program Files\Java\jdk-12.0.2\bin\net.dll
0x00007ffa8b990000 - 0x00007ffa8ba82000 	C:\Windows\SYSTEM32\WINHTTP.dll
0x00007ffa827d0000 - 0x00007ffa829a7000 	C:\Windows\SYSTEM32\urlmon.dll
0x00007ffa82b60000 - 0x00007ffa82e08000 	C:\Windows\SYSTEM32\iertutil.dll
0x00007ffa9bae0000 - 0x00007ffa9baec000 	C:\Windows\SYSTEM32\CRYPTBASE.DLL
0x00007ffa93470000 - 0x00007ffa93483000 	C:\Program Files\Java\jdk-12.0.2\bin\nio.dll
0x00007ffa6f1f0000 - 0x00007ffa6f251000 	C:\Users\varas\AppData\Local\Temp\lwjglvaras\3.2.0-1.9.10\lwjgl.dll
0x00007ffa6f190000 - 0x00007ffa6f1ec000 	C:\Users\varas\AppData\Local\Temp\lwjglvaras\3.2.0-1.9.10\glfw.dll
0x00007ffa99cc0000 - 0x00007ffa99d5c000 	C:\Windows\system32\uxtheme.dll
0x00007ffa6f140000 - 0x00007ffa6f184000 	C:\Windows\SYSTEM32\dinput8.dll
0x00007ffa92750000 - 0x00007ffa92761000 	C:\Windows\SYSTEM32\xinput1_4.dll
0x00007ffa9c290000 - 0x00007ffa9c2b9000 	C:\Windows\SYSTEM32\DEVOBJ.dll
0x00007ffa9a0b0000 - 0x00007ffa9a0de000 	C:\Windows\SYSTEM32\dwmapi.dll
0x00007ffa9c880000 - 0x00007ffa9ca5c000 	C:\Windows\System32\CRYPT32.dll
0x00007ffa9c500000 - 0x00007ffa9c512000 	C:\Windows\System32\MSASN1.dll
0x00007ffa84020000 - 0x00007ffa840ec000 	C:\Windows\SYSTEM32\inputhost.dll
0x00007ffa99ea0000 - 0x00007ffa9a0ad000 	C:\Windows\SYSTEM32\twinapi.appcore.dll
0x00007ffa99750000 - 0x00007ffa99832000 	C:\Windows\SYSTEM32\CoreMessaging.dll
0x00007ffa95bc0000 - 0x00007ffa9617e000 	C:\Windows\SYSTEM32\d2d1.dll
0x00007ffa941a0000 - 0x00007ffa944c2000 	C:\Windows\SYSTEM32\CoreUIComponents.dll
0x00007ffa95940000 - 0x00007ffa95bbe000 	C:\Windows\SYSTEM32\d3d11.dll
0x00007ffa94d90000 - 0x00007ffa94f39000 	C:\Windows\SYSTEM32\PROPSYS.dll
0x00007ffa94040000 - 0x00007ffa94193000 	C:\Windows\SYSTEM32\wintypes.dll
0x00007ffa9f740000 - 0x00007ffa9f804000 	C:\Windows\System32\OLEAUT32.dll
0x00007ffa9a0e0000 - 0x00007ffa9a108000 	C:\Windows\SYSTEM32\RMCLIENT.dll
0x00007ffa9bf00000 - 0x00007ffa9bf31000 	C:\Windows\SYSTEM32\ntmarta.dll
0x00007ffa9a780000 - 0x00007ffa9a842000 	C:\Windows\SYSTEM32\dxgi.dll
0x00007ffa9f550000 - 0x00007ffa9f6bb000 	C:\Windows\System32\MSCTF.dll
0x00007ffa9a480000 - 0x00007ffa9a48e000 	C:\Windows\SYSTEM32\HID.DLL
0x00007ffa9fbd0000 - 0x00007ffaa0046000 	C:\Windows\System32\SETUPAPI.DLL
0x00007ffa9c6b0000 - 0x00007ffa9c6d6000 	C:\Windows\System32\bcrypt.dll
0x00007ffa9c650000 - 0x00007ffa9c6a9000 	C:\Windows\System32\WINTRUST.dll
0x00007ffa6d610000 - 0x00007ffa6d737000 	C:\Windows\SYSTEM32\opengl32.dll
0x00007ffa6dbf0000 - 0x00007ffa6dc1c000 	C:\Windows\SYSTEM32\GLU32.dll
0x000000005a600000 - 0x000000005ccc0000 	C:\Windows\System32\DriverStore\FileRepository\nvrz.inf_amd64_1a7f23cacfbc2abe\nvoglv64.dll
0x00007ffaa0360000 - 0x00007ffaa04b5000 	C:\Windows\System32\ole32.dll
0x00007ffa9b2b0000 - 0x00007ffa9b2c3000 	C:\Windows\SYSTEM32\WTSAPI32.dll
0x00007ffa5e830000 - 0x00007ffa5ead7000 	C:\Windows\system32\nvspcap64.dll
0x00007ffa9c380000 - 0x00007ffa9c3d8000 	C:\Windows\SYSTEM32\WINSTA.dll
0x00007ffa840f0000 - 0x00007ffa84185000 	C:\Windows\System32\TextInputFramework.dll
0x00007ffa6dd00000 - 0x00007ffa6dd59000 	C:\Users\varas\AppData\Local\Temp\lwjglvaras\3.2.0-1.9.10\lwjgl_opengl.dll
0x00007ffa5f2a0000 - 0x00007ffa5f390000 	C:\Users\varas\AppData\Local\Temp\lwjglvaras\3.2.0-1.9.10\OpenAL.dll
0x00007ffa9d710000 - 0x00007ffa9d7b2000 	C:\Windows\System32\clbcatq.dll
0x00007ffa91760000 - 0x00007ffa917d0000 	C:\Windows\System32\MMDevApi.dll
0x00007ffa917d0000 - 0x00007ffa91918000 	C:\Windows\SYSTEM32\AUDIOSES.DLL
0x00007ffa94820000 - 0x00007ffa9482a000 	C:\Windows\SYSTEM32\AVRT.dll
0x00007ffa5c260000 - 0x00007ffa5c3ff000 	C:\Program Files\Java\jdk-12.0.2\bin\awt.dll
0x00007ffa99a60000 - 0x00007ffa99aec000 	C:\Windows\SYSTEM32\apphelp.dll
0x00007ffa9b490000 - 0x00007ffa9b4c3000 	C:\Windows\system32\rsaenh.dll
0x00007ffa9c410000 - 0x00007ffa9c438000 	C:\Windows\SYSTEM32\USERENV.dll
0x00007ffa9b630000 - 0x00007ffa9b66d000 	C:\Windows\SYSTEM32\IPHLPAPI.DLL
0x00007ffa9f6c0000 - 0x00007ffa9f6c8000 	C:\Windows\System32\NSI.dll
0x00007ffa8cf50000 - 0x00007ffa8cf66000 	C:\Windows\SYSTEM32\dhcpcsvc6.DLL
0x00007ffa8c9d0000 - 0x00007ffa8c9ec000 	C:\Windows\SYSTEM32\dhcpcsvc.DLL
0x00007ffa9b670000 - 0x00007ffa9b737000 	C:\Windows\SYSTEM32\DNSAPI.dll
0x00007ffa8ae30000 - 0x00007ffa8aedd000 	C:\Windows\SYSTEM32\mscms.dll
0x00007ffa8bf00000 - 0x00007ffa8bf10000 	C:\Windows\SYSTEM32\ColorAdapterClient.dll
0x00007ffa67bb0000 - 0x00007ffa67bf3000 	C:\Windows\SYSTEM32\icm32.dll

dbghelp: loaded successfully - version: 4.0.5 - missing functions: none
symbol engine: initialized successfully - sym options: 0x614 - pdb path: .;C:\Program Files\Java\jdk-12.0.2\bin;C:\Windows\SYSTEM32;C:\Windows\WinSxS\amd64_microsoft.windows.common-controls_6595b64144ccf1df_6.0.17763.1158_none_de722d88534a897f;C:\Program Files\Java\jdk-12.0.2\bin\server;C:\Users\varas\AppData\Local\Temp\lwjglvaras\3.2.0-1.9.10;C:\Windows\System32\DriverStore\FileRepository\nvrz.inf_amd64_1a7f23cacfbc2abe

VM Arguments:
jvm_args: -agentlib:jdwp=transport=dt_socket,address=127.0.0.1:57177,suspend=y,server=n -javaagent:C:\Users\varas\.IdeaIC2019.2\system\captureAgent\debugger-agent.jar -Dfile.encoding=UTF-8 
java_command: game.Main
java_class_path (initial): C:\Users\varas\Programming\LD46\out\production\LD46;C:\Users\varas\Programming\LD46\lib\lwjglCrossPlatformJar.jar;C:\Program Files\JetBrains\IntelliJ IDEA Community Edition 2019.2\lib\idea_rt.jar
Launcher Type: SUN_STANDARD

[Global flags]
     intx CICompilerCount                          = 4                                         {product} {ergonomic}
     uint ConcGCThreads                            = 3                                         {product} {ergonomic}
     uint G1ConcRefinementThreads                  = 10                                        {product} {ergonomic}
   size_t G1HeapRegionSize                         = 1048576                                   {product} {ergonomic}
    uintx GCDrainStackTargetSize                   = 64                                        {product} {ergonomic}
   size_t InitialHeapSize                          = 268435456                                 {product} {ergonomic}
   size_t MarkStackSize                            = 4194304                                   {product} {ergonomic}
   size_t MaxHeapSize                              = 4269801472                                {product} {ergonomic}
   size_t MaxNewSize                               = 2561671168                                {product} {ergonomic}
   size_t MinHeapDeltaBytes                        = 1048576                                   {product} {ergonomic}
    uintx NonNMethodCodeHeapSize                   = 5836300                                {pd product} {ergonomic}
    uintx NonProfiledCodeHeapSize                  = 122910970                              {pd product} {ergonomic}
    uintx ProfiledCodeHeapSize                     = 122910970                              {pd product} {ergonomic}
    uintx ReservedCodeCacheSize                    = 251658240                              {pd product} {ergonomic}
     bool SegmentedCodeCache                       = true                                      {product} {ergonomic}
     bool UseCompressedClassPointers               = true                                 {lp64_product} {ergonomic}
     bool UseCompressedOops                        = true                                 {lp64_product} {ergonomic}
     bool UseG1GC                                  = true                                      {product} {ergonomic}
     bool UseLargePagesIndividualAllocation        = false                                  {pd product} {ergonomic}

Logging:
Log output configuration:
 #0: stdout all=warning uptime,level,tags
 #1: stderr all=off uptime,level,tags

Environment Variables:
PATH=C:\Program Files\JetBrains\IntelliJ IDEA Community Edition 2019.2\jbr\\bin;C:\Program Files\JetBrains\IntelliJ IDEA Community Edition 2019.2\jbr\\bin\server;C:\Program Files\Alacritty\;C:\Program Files (x86)\Common Files\Oracle\Java\javapath;C:\VulkanSDK\1.1.114.0\Bin;C:\Program Files (x86)\Razer Chroma SDK\bin;C:\Program Files\Razer Chroma SDK\bin;C:\Program Files (x86)\Razer\ChromaBroadcast\bin;C:\Program Files\Razer\ChromaBroadcast\bin;C:\Windows\system32;C:\Windows;C:\Windows\System32\Wbem;C:\Windows\System32\WindowsPowerShell\v1.0\;C:\Windows\System32\OpenSSH\;C:\Program Files (x86)\Intel\Intel(R) Management Engine Components\DAL;C:\Program Files\Intel\Intel(R) Management Engine Components\DAL;C:\Users\Administrator\AppData\Local\Microsoft\WindowsApps;C:\Windows\system32\config\systemprofile\AppData\Local\Microsoft\WindowsApps;C:\Program Files\Git\cmd;C:\Program Files\MATLAB\R2019b\bin;C:\Users\varas\AppData\Local\Microsoft\WindowsApps;C:\Users\varas\AppData\Local\atom\bin;C:\Users\varas\AppData\Local\Programs\Microsoft VS Code\bin;C:\texlive\2019\bin\win32
USERNAME=varas
OS=Windows_NT
PROCESSOR_IDENTIFIER=Intel64 Family 6 Model 158 Stepping 10, GenuineIntel



---------------  S Y S T E M  ---------------

OS: Windows 10 , 64 bit Build 17763 (10.0.17763.1158)

CPU:total 12 (initial active 12) (6 cores per cpu, 2 threads per core) family 6 model 158 stepping 10, cmov, cx8, fxsr, mmx, sse, sse2, sse3, ssse3, sse4.1, sse4.2, popcnt, avx, avx2, aes, clmul, erms, 3dnowpref, lzcnt, ht, tsc, tscinvbit, bmi1, bmi2, adx, fma

Memory: 4k page, system-wide physical 16282M (7779M free)
TotalPageFile size 27546M (AvailPageFile size 9973M)
current process WorkingSet (physical memory assigned to process): 132M, peak: 147M
current process commit charge ("private bytes"): 492M, peak: 496M

vm_info: Java HotSpot(TM) 64-Bit Server VM (12.0.2+10) for windows-amd64 JRE (12.0.2+10), built on Jul 16 2019 01:56:17 by "mach5one" with MS VC++ 15.5 (VS2017)

END.
